<?xml version="1.0" encoding="utf-8" ?>
<resultspage>
    <label type="bestlapby">4 - Racer 4</label>
    <label type="bestlaptime">1:19.391</label>
    <label type="eventname">Test2</label>
    <label type="flag">none</label>
    <label type="groupname">Test 2 Group 1</label>
    <label type="laps">4</label>
    <label type="lapstogo"></label>
    <label type="leader">4 - Racer 4</label>
    <label type="leaderavgspeed">21.583</label>
    <label type="leadermargin">1.703</label>
    <label type="racetime">15:40</label>
    <label type="runname">Run 1</label>
    <label type="runtype">R</label>
    <label type="timeofday">16:42:18</label>
    <label type="timetogo"></label>
    <label type="tracklength">1.000</label>
    <label type="trackname">Test Track</label>
    <results>
        <columns marker="Marker" position="Position" positioninclass="Position in class" no="Competitornumber"
                 transponder="Transponder number" regnumber="Registration number" firstname="First name"
                 lastname="Last name" fullname="Fullname" class="Class" additional1="Additional field 1"
                 additional2="Additional field 2" additional3="Additional field 3" additional4="Additional field 4"
                 additional5="Additional field 5" additional6="Additional field 6" additional7="Additional field 7"
                 additional8="Additional field 8" laps="Laps" lasttime="Last time" secondlasttime="Second Last time"
                 thirdlasttime="Third Last time" averagetime="Average time" totaltime="Total time" difference="Diff."
                 gap="Gap" lastspeed="Last speed" averagespeed="Average speed" besttime="Best time"
                 bestspeed="Best time" bestinlap="Best time" secondbesttime="Best time" secondbestspeed="2nd Best speed"
                 secondbestinlap="2nd Best lap" nopitstops="No Pit Stops" lastpitlap="Last Pit Lap" sincepit="Since Pit"
                 lasttimeofday="Last Passing Time" lasttimeline="Last Passing Timeline" section0="Section time 1"
                 section1="Section time 2" section2="Section time 3" section3="Section time 4" section4="Section time 5"
                 section5="Section time 6" section6="Section time 7" section7="Section time 8" section8="Section time 9"
                 section9="Section time 10" bestsection0="Best Section time 1" bestsection1="Best Section time 2"
                 bestsection2="Best Section time 3" bestsection3="Best Section time 4"
                 bestsection4="Best Section time 5" bestsection5="Best Section time 6"
                 bestsection6="Best Section time 7" bestsection7="Best Section time 8"
                 bestsection8="Best Section time 9" bestsection9="Best Section time 10"/>
        <result additional1="" additional2="" additional3="" additional4="" additional5="" additional6="" additional7=""
                additional8="" averagespeed="21.583" averagetime="2:32.043" bestinlap="4" bestsection0=""
                bestsection1="" bestsection2="" bestsection3="" bestsection4="" bestsection5="" bestsection6=""
                bestsection7="" bestsection8="" bestsection9="" bestspeed="45.345" besttime="1:19.391" class="GTL"
                difference="" firstname="Racer" fullname="Racer 4" gap="" laps="4" lastname="4" lastpitstop="0"
                lastspeed="45.345" lasttime="1:19.391" lasttimeline="Start/Finish" lasttimeofday="16:36:59.857"
                marker="1" no="4" nopitstops="" position="1" positioninclass="1" regnumber="De1c44378"
                secondbestinlap="3" secondbestspeed="25.680" secondbesttime="2:20.187" secondlasttime="2:20.187"
                section0="" section1="" section2="" section3="" section4="" section5="" section6="" section7=""
                section8="" section9="" sincepit="4" thirdlasttime="3:58.609" totaltime="11:07.195" transponder="1004"/>
        <result additional1="" additional2="" additional3="" additional4="" additional5="" additional6="" additional7=""
                additional8="" averagespeed="21.528" averagetime="2:32.378" bestinlap="4" bestsection0=""
                bestsection1="" bestsection2="" bestsection3="" bestsection4="" bestsection5="" bestsection6=""
                bestsection7="" bestsection8="" bestsection9="" bestspeed="44.565" besttime="1:20.781" class="GTS"
                difference="1.703" firstname="Racer" fullname="Racer 7" gap="1.703" laps="4" lastname="7"
                lastpitstop="0" lastspeed="44.565" lasttime="1:20.781" lasttimeline="Start/Finish"
                lasttimeofday="16:37:01.560" marker="1" no="8" nopitstops="" position="2" positioninclass="1"
                regnumber="De1c8e48" secondbestinlap="3" secondbestspeed="25.709" secondbesttime="2:20.031"
                secondlasttime="2:20.031" section0="" section1="" section2="" section3="" section4="" section5=""
                section6="" section7="" section8="" section9="" sincepit="4" thirdlasttime="3:59.485"
                totaltime="11:08.898" transponder="1008"/>
        <result additional1="" additional2="" additional3="" additional4="" additional5="" additional6="" additional7=""
                additional8="" averagespeed="21.526" averagetime="2:32.425" bestinlap="4" bestsection0=""
                bestsection1="" bestsection2="" bestsection3="" bestsection4="" bestsection5="" bestsection6=""
                bestsection7="" bestsection8="" bestsection9="" bestspeed="44.712" besttime="1:20.516" class="GTC"
                difference="1.750" firstname="Racer" fullname="Racer 6" gap="0.047" laps="4" lastname="6"
                lastpitstop="0" lastspeed="44.712" lasttime="1:20.516" lasttimeline="Start/Finish"
                lasttimeofday="16:37:01.607" marker="1" no="6" nopitstops="" position="3" positioninclass="1"
                regnumber="De1c63094" secondbestinlap="3" secondbestspeed="25.400" secondbesttime="2:21.734"
                secondlasttime="2:21.734" section0="" section1="" section2="" section3="" section4="" section5=""
                section6="" section7="" section8="" section9="" sincepit="4" thirdlasttime="3:56.312"
                totaltime="11:08.945" transponder="1006"/>
        <result additional1="" additional2="" additional3="" additional4="" additional5="" additional6="" additional7=""
                additional8="" averagespeed="21.497" averagetime="2:32.843" bestinlap="4" bestsection0=""
                bestsection1="" bestsection2="" bestsection3="" bestsection4="" bestsection5="" bestsection6=""
                bestsection7="" bestsection8="" bestsection9="" bestspeed="44.273" besttime="1:21.313" class="GC"
                difference="2.672" firstname="Racer" fullname="Racer 1" gap="0.922" laps="4" lastname="1"
                lastpitstop="0" lastspeed="44.273" lasttime="1:21.313" lasttimeline="Start/Finish"
                lasttimeofday="16:37:02.529" marker="1" no="1" nopitstops="" position="4" positioninclass="1"
                regnumber="De1c147d7" secondbestinlap="3" secondbestspeed="25.274" secondbesttime="2:22.437"
                secondlasttime="2:22.437" section0="" section1="" section2="" section3="" section4="" section5=""
                section6="" section7="" section8="" section9="" sincepit="4" thirdlasttime="3:59.547"
                totaltime="11:09.867" transponder="1001"/>
        <result additional1="" additional2="" additional3="" additional4="" additional5="" additional6="" additional7=""
                additional8="" averagespeed="21.106" averagetime="2:35.777" bestinlap="4" bestsection0=""
                bestsection1="" bestsection2="" bestsection3="" bestsection4="" bestsection5="" bestsection6=""
                bestsection7="" bestsection8="" bestsection9="" bestspeed="43.276" besttime="1:23.187" class="GTV"
                difference="15.078" firstname="Racer" fullname="Racer 5" gap="12.406" laps="4" lastname="5"
                lastpitstop="0" lastspeed="43.276" lasttime="1:23.187" lasttimeline="Start/Finish"
                lasttimeofday="16:37:14.935" marker="1" no="5" nopitstops="" position="5" positioninclass="1"
                regnumber="De1c57258" secondbestinlap="3" secondbestspeed="26.568" secondbesttime="2:15.500"
                secondlasttime="2:15.500" section0="" section1="" section2="" section3="" section4="" section5=""
                section6="" section7="" section8="" section9="" sincepit="4" thirdlasttime="3:58.375"
                totaltime="11:22.273" transponder="1005"/>
        <result additional1="" additional2="" additional3="" additional4="" additional5="" additional6="" additional7=""
                additional8="" averagespeed="20.888" averagetime="2:37.476" bestinlap="4" bestsection0=""
                bestsection1="" bestsection2="" bestsection3="" bestsection4="" bestsection5="" bestsection6=""
                bestsection7="" bestsection8="" bestsection9="" bestspeed="41.394" besttime="1:26.969" class="GT"
                difference="22.203" firstname="Racer" fullname="Racer 9" gap="7.125" laps="4" lastname="9"
                lastpitstop="0" lastspeed="41.394" lasttime="1:26.969" lasttimeline="Start/Finish"
                lasttimeofday="16:37:22.060" marker="1" no="9" nopitstops="" position="6" positioninclass="1"
                regnumber="De1c970d8" secondbestinlap="3" secondbestspeed="26.005" secondbesttime="2:18.437"
                secondlasttime="2:18.437" section0="" section1="" section2="" section3="" section4="" section5=""
                section6="" section7="" section8="" section9="" sincepit="4" thirdlasttime="3:58.750"
                totaltime="11:29.398" transponder="1009"/>
        <result additional1="" additional2="" additional3="" additional4="" additional5="" additional6="" additional7=""
                additional8="" averagespeed="20.858" averagetime="2:37.761" bestinlap="4" bestsection0=""
                bestsection1="" bestsection2="" bestsection3="" bestsection4="" bestsection5="" bestsection6=""
                bestsection7="" bestsection8="" bestsection9="" bestspeed="41.746" besttime="1:26.235" class="GTL"
                difference="23.188" firstname="Racer" fullname="Racer 7" gap="0.985" laps="4" lastname="7"
                lastpitstop="0" lastspeed="41.746" lasttime="1:26.235" lasttimeline="Start/Finish"
                lasttimeofday="16:37:23.045" marker="1" no="7" nopitstops="" position="7" positioninclass="2"
                regnumber="De1c7fabe" secondbestinlap="3" secondbestspeed="26.410" secondbesttime="2:16.312"
                secondlasttime="2:16.312" section0="" section1="" section2="" section3="" section4="" section5=""
                section6="" section7="" section8="" section9="" sincepit="4" thirdlasttime="3:59.688"
                totaltime="11:30.383" transponder="1007"/>
        <result additional1="" additional2="" additional3="" additional4="" additional5="" additional6="" additional7=""
                additional8="" averagespeed="20.560" averagetime="2:40.199" bestinlap="4" bestsection0=""
                bestsection1="" bestsection2="" bestsection3="" bestsection4="" bestsection5="" bestsection6=""
                bestsection7="" bestsection8="" bestsection9="" bestspeed="40.924" besttime="1:27.969" class="GC"
                difference="33.203" firstname="Racer" fullname="Racer 10" gap="10.015" laps="4" lastname="10"
                lastpitstop="0" lastspeed="40.924" lasttime="1:27.969" lasttimeline="Start/Finish"
                lasttimeofday="16:37:33.060" marker="1" no="10" nopitstops="" position="8" positioninclass="2"
                regnumber="D2c3fcd3f" secondbestinlap="3" secondbestspeed="27.138" secondbesttime="2:12.656"
                secondlasttime="2:12.656" section0="" section1="" section2="" section3="" section4="" section5=""
                section6="" section7="" section8="" section9="" sincepit="4" thirdlasttime="3:53.906"
                totaltime="11:40.398" transponder="1010"/>
        <result additional1="" additional2="" additional3="" additional4="" additional5="" additional6="" additional7=""
                additional8="" averagespeed="20.266" averagetime="2:42.914" bestinlap="4" bestsection0=""
                bestsection1="" bestsection2="" bestsection3="" bestsection4="" bestsection5="" bestsection6=""
                bestsection7="" bestsection8="" bestsection9="" bestspeed="39.264" besttime="1:31.687" class="GTC"
                difference="43.359" firstname="Racer" fullname="Racer 3" gap="10.156" laps="4" lastname="3"
                lastpitstop="0" lastspeed="39.264" lasttime="1:31.687" lasttimeline="Start/Finish"
                lasttimeofday="16:37:43.216" marker="1" no="3" nopitstops="" position="9" positioninclass="2"
                regnumber="De1c34613" secondbestinlap="3" secondbestspeed="27.461" secondbesttime="2:11.094"
                secondlasttime="2:11.094" section0="" section1="" section2="" section3="" section4="" section5=""
                section6="" section7="" section8="" section9="" sincepit="4" thirdlasttime="4:00.984"
                totaltime="11:50.554" transponder="1003"/>
        <result additional1="" additional2="" additional3="" additional4="" additional5="" additional6="" additional7=""
                additional8="" averagespeed="20.168" averagetime="2:43.816" bestinlap="4" bestsection0=""
                bestsection1="" bestsection2="" bestsection3="" bestsection4="" bestsection5="" bestsection6=""
                bestsection7="" bestsection8="" bestsection9="" bestspeed="40.014" besttime="1:29.969" class="GT"
                difference="46.797" firstname="Racer" fullname="Racer 2" gap="3.438" laps="4" lastname="2"
                lastpitstop="0" lastspeed="40.014" lasttime="1:29.969" lasttimeline="Start/Finish"
                lasttimeofday="16:37:46.654" marker="1" no="2" nopitstops="" position="10" positioninclass="2"
                regnumber="De1c27db8" secondbestinlap="3" secondbestspeed="28.291" secondbesttime="2:07.250"
                secondlasttime="2:07.250" section0="" section1="" section2="" section3="" section4="" section5=""
                section6="" section7="" section8="" section9="" sincepit="4" thirdlasttime="4:00.859"
                totaltime="11:53.992" transponder="1002"/>
    </results>
</resultspage>